<?xml version="1.0" encoding="utf-8"?><testsuites name="pytest tests"><testsuite name="pytest" errors="0" failures="0" skipped="0" tests="2" time="0.147" timestamp="2026-06-17T04:26:08.272729-05:00" hostname="DESKTOP-RD0T80M"><testcase classname="tests.test_stream_resume_runtime_t01" name="test_stream_resume_t0_declares_identity_bound_record" time="0.001" /><testcase classname="tests.test_stream_resume_runtime_t01" name="test_stream_resume_t1_accepts_matching_identity_and_replays_units" time="0.001" /></testsuite></testsuites>