<?xml version="1.0" encoding="utf-8"?><testsuites name="pytest tests"><testsuite name="pytest" errors="0" failures="0" skipped="0" tests="5" time="0.310" timestamp="2026-06-17T04:46:36.947228-05:00" hostname="DESKTOP-RD0T80M"><testcase classname="tests.test_stream_resume_runtime_t01" name="test_stream_resume_t0_declares_identity_bound_record" time="0.002" /><testcase classname="tests.test_stream_resume_runtime_t01" name="test_stream_resume_t1_accepts_matching_identity_and_replays_units" time="0.001" /><testcase classname="tests.test_stream_resume_runtime_t2" name="test_stream_resume_t2_rejects_expired_and_identity_mismatch" time="0.001" /><testcase classname="tests.test_stream_resume_runtime_t2" name="test_stream_resume_t2_rejects_stale_offsets_after_replay_window_trim" time="0.001" /><testcase classname="tests.test_stream_resume_runtime_t2" name="test_stream_resume_t2_rejects_unknown_tokens_and_invalid_offsets" time="0.001" /></testsuite></testsuites>